Performing C SOURCE FILE Test CMAKE_HAVE_LIBC_PTHREAD failed with the following output:
Change Dir: /media/hongfeng/Storage/Code/test/CeresLearning/build/CMakeFiles/CMakeTmp

Run Build Command(s):/usr/bin/make -f Makefile cmTC_7cfcf/fast && /usr/bin/make  -f CMakeFiles/cmTC_7cfcf.dir/build.make CMakeFiles/cmTC_7cfcf.dir/build
make[1]: 进入目录“/media/hongfeng/Storage/Code/test/CeresLearning/build/CMakeFiles/CMakeTmp”
Building C object CMakeFiles/cmTC_7cfcf.dir/src.c.o
/usr/bin/cc -DCMAKE_HAVE_LIBC_PTHREAD   -o CMakeFiles/cmTC_7cfcf.dir/src.c.o -c /media/hongfeng/Storage/Code/test/CeresLearning/build/CMakeFiles/CMakeTmp/src.c
Linking C executable cmTC_7cfcf
/usr/local/bin/cmake -E cmake_link_script CMakeFiles/cmTC_7cfcf.dir/link.txt --verbose=1
/usr/bin/cc -rdynamic CMakeFiles/cmTC_7cfcf.dir/src.c.o -o cmTC_7cfcf 
CMakeFiles/cmTC_7cfcf.dir/src.c.o：在函数‘main’中：
src.c:(.text+0x3e)：对‘pthread_create’未定义的引用
src.c:(.text+0x4a)：对‘pthread_detach’未定义的引用
src.c:(.text+0x56)：对‘pthread_cancel’未定义的引用
src.c:(.text+0x67)：对‘pthread_join’未定义的引用
src.c:(.text+0x7b)：对‘pthread_atfork’未定义的引用
collect2: error: ld returned 1 exit status
CMakeFiles/cmTC_7cfcf.dir/build.make:98: recipe for target 'cmTC_7cfcf' failed
make[1]: *** [cmTC_7cfcf] Error 1
make[1]: 离开目录“/media/hongfeng/Storage/Code/test/CeresLearning/build/CMakeFiles/CMakeTmp”
Makefile:127: recipe for target 'cmTC_7cfcf/fast' failed
make: *** [cmTC_7cfcf/fast] Error 2


Source file was:
#include <pthread.h>

static void* test_func(void* data)
{
  return data;
}

int main(void)
{
  pthread_t thread;
  pthread_create(&thread, NULL, test_func, NULL);
  pthread_detach(thread);
  pthread_cancel(thread);
  pthread_join(thread, NULL);
  pthread_atfork(NULL, NULL, NULL);
  pthread_exit(NULL);

  return 0;
}

Determining if the function pthread_create exists in the pthreads failed with the following output:
Change Dir: /media/hongfeng/Storage/Code/test/CeresLearning/build/CMakeFiles/CMakeTmp

Run Build Command(s):/usr/bin/make -f Makefile cmTC_2f451/fast && /usr/bin/make  -f CMakeFiles/cmTC_2f451.dir/build.make CMakeFiles/cmTC_2f451.dir/build
make[1]: 进入目录“/media/hongfeng/Storage/Code/test/CeresLearning/build/CMakeFiles/CMakeTmp”
Building C object CMakeFiles/cmTC_2f451.dir/CheckFunctionExists.c.o
/usr/bin/cc   -DCHECK_FUNCTION_EXISTS=pthread_create -o CMakeFiles/cmTC_2f451.dir/CheckFunctionExists.c.o -c /usr/local/share/cmake-3.23/Modules/CheckFunctionExists.c
Linking C executable cmTC_2f451
/usr/local/bin/cmake -E cmake_link_script CMakeFiles/cmTC_2f451.dir/link.txt --verbose=1
/usr/bin/cc  -DCHECK_FUNCTION_EXISTS=pthread_create -rdynamic CMakeFiles/cmTC_2f451.dir/CheckFunctionExists.c.o -o cmTC_2f451  -lpthreads 
/usr/bin/ld: 找不到 -lpthreads
collect2: error: ld returned 1 exit status
CMakeFiles/cmTC_2f451.dir/build.make:98: recipe for target 'cmTC_2f451' failed
make[1]: *** [cmTC_2f451] Error 1
make[1]: 离开目录“/media/hongfeng/Storage/Code/test/CeresLearning/build/CMakeFiles/CMakeTmp”
Makefile:127: recipe for target 'cmTC_2f451/fast' failed
make: *** [cmTC_2f451/fast] Error 2



Determining if the function sgemm_ exists failed with the following output:
Change Dir: /media/hongfeng/Storage/Code/test/CeresLearning/build/CMakeFiles/CMakeTmp

Run Build Command(s):/usr/bin/make -f Makefile cmTC_4ce96/fast && /usr/bin/make  -f CMakeFiles/cmTC_4ce96.dir/build.make CMakeFiles/cmTC_4ce96.dir/build
make[1]: 进入目录“/media/hongfeng/Storage/Code/test/CeresLearning/build/CMakeFiles/CMakeTmp”
Building C object CMakeFiles/cmTC_4ce96.dir/CheckFunctionExists.c.o
/usr/bin/cc   -DCHECK_FUNCTION_EXISTS=sgemm_ -o CMakeFiles/cmTC_4ce96.dir/CheckFunctionExists.c.o -c /usr/local/share/cmake-3.23/Modules/CheckFunctionExists.c
Linking C executable cmTC_4ce96
/usr/local/bin/cmake -E cmake_link_script CMakeFiles/cmTC_4ce96.dir/link.txt --verbose=1
/usr/bin/cc  -DCHECK_FUNCTION_EXISTS=sgemm_ -rdynamic CMakeFiles/cmTC_4ce96.dir/CheckFunctionExists.c.o -o cmTC_4ce96 
CMakeFiles/cmTC_4ce96.dir/CheckFunctionExists.c.o：在函数‘main’中：
CheckFunctionExists.c:(.text+0x10)：对‘sgemm_’未定义的引用
collect2: error: ld returned 1 exit status
CMakeFiles/cmTC_4ce96.dir/build.make:98: recipe for target 'cmTC_4ce96' failed
make[1]: *** [cmTC_4ce96] Error 1
make[1]: 离开目录“/media/hongfeng/Storage/Code/test/CeresLearning/build/CMakeFiles/CMakeTmp”
Makefile:127: recipe for target 'cmTC_4ce96/fast' failed
make: *** [cmTC_4ce96/fast] Error 2



Determining if the function cheev_ exists failed with the following output:
Change Dir: /media/hongfeng/Storage/Code/test/CeresLearning/build/CMakeFiles/CMakeTmp

Run Build Command(s):/usr/bin/make -f Makefile cmTC_61413/fast && /usr/bin/make  -f CMakeFiles/cmTC_61413.dir/build.make CMakeFiles/cmTC_61413.dir/build
make[1]: 进入目录“/media/hongfeng/Storage/Code/test/CeresLearning/build/CMakeFiles/CMakeTmp”
Building C object CMakeFiles/cmTC_61413.dir/CheckFunctionExists.c.o
/usr/bin/cc   -DCHECK_FUNCTION_EXISTS=cheev_ -o CMakeFiles/cmTC_61413.dir/CheckFunctionExists.c.o -c /usr/local/share/cmake-3.23/Modules/CheckFunctionExists.c
Linking C executable cmTC_61413
/usr/local/bin/cmake -E cmake_link_script CMakeFiles/cmTC_61413.dir/link.txt --verbose=1
/usr/bin/cc  -DCHECK_FUNCTION_EXISTS=cheev_ -rdynamic CMakeFiles/cmTC_61413.dir/CheckFunctionExists.c.o -o cmTC_61413  /usr/lib/x86_64-linux-gnu/libblas.so /usr/lib/x86_64-linux-gnu/libf77blas.so /usr/lib/x86_64-linux-gnu/libatlas.so -lpthread -lm -ldl 
CMakeFiles/cmTC_61413.dir/CheckFunctionExists.c.o：在函数‘main’中：
CheckFunctionExists.c:(.text+0x10)：对‘cheev_’未定义的引用
collect2: error: ld returned 1 exit status
CMakeFiles/cmTC_61413.dir/build.make:101: recipe for target 'cmTC_61413' failed
make[1]: *** [cmTC_61413] Error 1
make[1]: 离开目录“/media/hongfeng/Storage/Code/test/CeresLearning/build/CMakeFiles/CMakeTmp”
Makefile:127: recipe for target 'cmTC_61413/fast' failed
make: *** [cmTC_61413/fast] Error 2



Determining if the function cheev_ exists failed with the following output:
Change Dir: /media/hongfeng/Storage/Code/test/CeresLearning/build/CMakeFiles/CMakeTmp

Run Build Command(s):/usr/bin/make -f Makefile cmTC_b808a/fast && /usr/bin/make  -f CMakeFiles/cmTC_b808a.dir/build.make CMakeFiles/cmTC_b808a.dir/build
make[1]: 进入目录“/media/hongfeng/Storage/Code/test/CeresLearning/build/CMakeFiles/CMakeTmp”
Building C object CMakeFiles/cmTC_b808a.dir/CheckFunctionExists.c.o
/usr/bin/cc   -DCHECK_FUNCTION_EXISTS=cheev_ -o CMakeFiles/cmTC_b808a.dir/CheckFunctionExists.c.o -c /usr/local/share/cmake-3.23/Modules/CheckFunctionExists.c
Linking C executable cmTC_b808a
/usr/local/bin/cmake -E cmake_link_script CMakeFiles/cmTC_b808a.dir/link.txt --verbose=1
/usr/bin/cc  -DCHECK_FUNCTION_EXISTS=cheev_ -rdynamic CMakeFiles/cmTC_b808a.dir/CheckFunctionExists.c.o -o cmTC_b808a  /usr/lib/x86_64-linux-gnu/liblapack.so /usr/lib/x86_64-linux-gnu/libblas.so /usr/lib/x86_64-linux-gnu/libf77blas.so /usr/lib/x86_64-linux-gnu/libatlas.so -fortranlibs 
cc: error: unrecognized command line option ‘-fortranlibs’; did you mean ‘-fltrans’?
CMakeFiles/cmTC_b808a.dir/build.make:102: recipe for target 'cmTC_b808a' failed
make[1]: *** [cmTC_b808a] Error 1
make[1]: 离开目录“/media/hongfeng/Storage/Code/test/CeresLearning/build/CMakeFiles/CMakeTmp”
Makefile:127: recipe for target 'cmTC_b808a/fast' failed
make: *** [cmTC_b808a/fast] Error 2



